<?xml version="1.0" encoding="UTF-8"?>
<robot generator="Robot 7.1.1 (Python 3.11.5 on win32)" generated="2024-11-15T15:38:13.803849" rpa="false" schemaversion="5">
<suite id="s1" name="Simple Test V5" source="C:\Users\PCS\Desktop\Github\Testing\tests\simple_test_v5.robot">
<test id="s1-t1" name="Form Submission and Validation" line="10">
<kw name="Open Browser" owner="SeleniumLibrary">
<msg time="2024-11-15T15:38:13.969906" level="INFO">Opening browser 'chrome' to base url 'file:///C:/Users/PCS/Desktop/Github/Testing/tests/index.html'.</msg>
<arg>${FORM_URL}</arg>
<arg>chrome</arg>
<doc>Opens a new browser instance to the optional ``url``.</doc>
<status status="PASS" start="2024-11-15T15:38:13.969906" elapsed="2.297128"/>
</kw>
<kw name="Maximize Browser Window" owner="SeleniumLibrary">
<doc>Maximizes current browser window.</doc>
<status status="PASS" start="2024-11-15T15:38:16.267034" elapsed="0.026517"/>
</kw>
<kw name="Input Text" owner="SeleniumLibrary">
<msg time="2024-11-15T15:38:16.294551" level="INFO">Typing text 'John Doe' into text field 'id=name'.</msg>
<arg>id=name</arg>
<arg>John Doe</arg>
<doc>Types the given ``text`` into the text field identified by ``locator``.</doc>
<status status="PASS" start="2024-11-15T15:38:16.293551" elapsed="0.080219"/>
</kw>
<kw name="Input Text" owner="SeleniumLibrary">
<msg time="2024-11-15T15:38:16.374769" level="INFO">Typing text 'john.doe@example.com' into text field 'id=email'.</msg>
<arg>id=email</arg>
<arg>john.doe@example.com</arg>
<doc>Types the given ``text`` into the text field identified by ``locator``.</doc>
<status status="PASS" start="2024-11-15T15:38:16.374769" elapsed="0.096613"/>
</kw>
<kw name="Input Text" owner="SeleniumLibrary">
<msg time="2024-11-15T15:38:16.471382" level="INFO">Typing text 'This is a test message.' into text field 'id=message'.</msg>
<arg>id=message</arg>
<arg>This is a test message.</arg>
<doc>Types the given ``text`` into the text field identified by ``locator``.</doc>
<status status="PASS" start="2024-11-15T15:38:16.471382" elapsed="0.112944"/>
</kw>
<kw name="Click Button" owner="SeleniumLibrary">
<msg time="2024-11-15T15:38:16.585337" level="INFO">Clicking button 'id=submit'.</msg>
<arg>id=submit</arg>
<doc>Clicks the button identified by ``locator``.</doc>
<status status="PASS" start="2024-11-15T15:38:16.585337" elapsed="0.031396"/>
</kw>
<kw name="Wait Until Page Contains" owner="SeleniumLibrary">
<arg>Your message has been sent successfully!</arg>
<doc>Waits until ``text`` appears on the current page.</doc>
<status status="PASS" start="2024-11-15T15:38:16.616733" elapsed="0.007529"/>
</kw>
<kw name="Close Browser" owner="SeleniumLibrary">
<doc>Closes the current browser.</doc>
<status status="PASS" start="2024-11-15T15:38:16.624262" elapsed="2.084786"/>
</kw>
<status status="PASS" start="2024-11-15T15:38:13.969906" elapsed="4.739142"/>
</test>
<status status="PASS" start="2024-11-15T15:38:13.803849" elapsed="4.905199"/>
</suite>
<statistics>
<total>
<stat pass="1" fail="0" skip="0">All Tests</stat>
</total>
<tag>
</tag>
<suite>
<stat pass="1" fail="0" skip="0" id="s1" name="Simple Test V5">Simple Test V5</stat>
</suite>
</statistics>
<errors>
</errors>
</robot>
